<?xml version="1.0" encoding="UTF-8"?>
<testng-results skipped="0" failed="0" ignored="0" total="2" passed="2">
  <reporter-output>
  </reporter-output>
  <suite name="Suite" duration-ms="6103" started-at="2023-01-25T00:20:05 IST" finished-at="2023-01-25T00:20:12 IST">
    <groups>
    </groups>
    <test name="methods" duration-ms="6103" started-at="2023-01-25T00:20:05 IST" finished-at="2023-01-25T00:20:12 IST">
      <class name="com.testng.ParallelRun">
        <test-method status="PASS" signature="test1()[pri:0, instance:com.testng.ParallelRun@5f3a4b84]" name="test1" duration-ms="3563" started-at="2023-01-25T00:20:05 IST" finished-at="2023-01-25T00:20:09 IST">
          <reporter-output>
          </reporter-output>
        </test-method> <!-- test1 -->
        <test-method status="PASS" signature="test2()[pri:0, instance:com.testng.ParallelRun@5f3a4b84]" name="test2" duration-ms="2495" started-at="2023-01-25T00:20:09 IST" finished-at="2023-01-25T00:20:12 IST">
          <reporter-output>
          </reporter-output>
        </test-method> <!-- test2 -->
      </class> <!-- com.testng.ParallelRun -->
    </test> <!-- methods -->
  </suite> <!-- Suite -->
</testng-results>
